\BOOKMARK [0][-]{chapter.1}{\376\377\000I\000n\000t\000r\000o\000d\000u\000c\000i\000\363\000n}{}% 1
\BOOKMARK [1][-]{section.1.1}{\376\377\000M\000o\000t\000i\000v\000a\000c\000i\000\363\000n}{chapter.1}% 2
\BOOKMARK [1][-]{section.1.2}{\376\377\000D\000e\000f\000i\000n\000i\000c\000i\000\363\000n\000\040\000d\000e\000\040\000o\000b\000j\000e\000t\000i\000v\000o\000s}{chapter.1}% 3
\BOOKMARK [0][-]{chapter.2}{\376\377\000P\000r\000o\000c\000e\000s\000o\000\040\000d\000e\000\040\000n\000e\000g\000o\000c\000i\000o\000.\000\040\000F\000u\000n\000d\000a\000m\000e\000n\000t\000o\000s\000\040\000t\000e\000\363\000r\000i\000c\000o\000s}{}% 4
\BOOKMARK [1][-]{section.2.1}{Proceso\040de\040negocio}{chapter.2}% 5
\BOOKMARK [2][-]{subsection.2.1.1}{\376\377\000G\000e\000s\000t\000i\000\363\000n\000\040\000d\000e\000\040\000p\000r\000o\000c\000e\000s\000o\000\040\000d\000e\000\040\000n\000e\000g\000o\000c\000i\000o}{section.2.1}% 6
\BOOKMARK [1][-]{section.2.2}{Sistemas\040de\040soporte\040operacional\040y\040Sistemas\040de\040soporte\040de\040negocio}{chapter.2}% 7
\BOOKMARK [2][-]{subsection.2.2.1}{TMN\040de\040ITU-T}{section.2.2}% 8
\BOOKMARK [2][-]{subsection.2.2.2}{TMF}{section.2.2}% 9
\BOOKMARK [2][-]{subsection.2.2.3}{ITIL\040e\040ITSM}{section.2.2}% 10
\BOOKMARK [1][-]{section.2.3}{\376\377\000G\000e\000s\000t\000i\000\363\000n\000\040\000d\000e\000\040\000r\000e\000l\000a\000c\000i\000o\000n\000e\000s\000\040\000c\000o\000n\000\040\000l\000o\000s\000\040\000c\000l\000i\000e\000n\000t\000e\000s}{chapter.2}% 11
\BOOKMARK [2][-]{subsection.2.3.1}{Breve\040historia\040del\040CRM}{section.2.3}% 12
\BOOKMARK [0][-]{chapter.3}{\376\377\000F\000u\000n\000d\000a\000m\000e\000n\000t\000o\000s\000\040\000T\000\351\000c\000n\000i\000c\000o\000s}{}% 13
\BOOKMARK [1][-]{section.3.1}{Jakarta\040EE}{chapter.3}% 14
\BOOKMARK [2][-]{subsection.3.1.1}{Historia}{section.3.1}% 15
\BOOKMARK [2][-]{subsection.3.1.2}{Arquitectura\040Jakarta\040EE}{section.3.1}% 16
\BOOKMARK [2][-]{subsection.3.1.3}{Componentes\040Jakarta\040EE}{section.3.1}% 17
\BOOKMARK [2][-]{subsection.3.1.4}{Contenedores}{section.3.1}% 18
\BOOKMARK [1][-]{section.3.2}{\376\377\000L\000i\000b\000r\000e\000r\000\355\000a\000s\000\040\000y\000\040\000c\000o\000m\000p\000o\000n\000e\000n\000t\000e\000s\000\040\000J\000a\000k\000a\000r\000t\000a\000\040\000E\000E\000\040\000u\000s\000a\000d\000o\000s}{chapter.3}% 19
\BOOKMARK [2][-]{subsection.3.2.1}{Jakarta\040Enterprise\040Bean}{section.3.2}% 20
\BOOKMARK [2][-]{subsection.3.2.2}{Java\040Server\040Faces}{section.3.2}% 21
\BOOKMARK [2][-]{subsection.3.2.3}{Primefaces}{section.3.2}% 22
\BOOKMARK [2][-]{subsection.3.2.4}{Omnifaces}{section.3.2}% 23
\BOOKMARK [2][-]{subsection.3.2.5}{Java\040Object\040Oriented\040Querying}{section.3.2}% 24
\BOOKMARK [2][-]{subsection.3.2.6}{Log4j}{section.3.2}% 25
\BOOKMARK [1][-]{section.3.3}{Formatos\040de\040almacenamiento.\040PostgreSQL}{chapter.3}% 26
\BOOKMARK [2][-]{subsection.3.3.1}{Historia}{section.3.3}% 27
\BOOKMARK [2][-]{subsection.3.3.2}{\376\377\000C\000a\000r\000a\000c\000t\000e\000r\000\355\000s\000t\000i\000c\000a\000s}{section.3.3}% 28
\BOOKMARK [0][-]{chapter.4}{\376\377\000A\000n\000\341\000l\000i\000s\000i\000s\000\040\000y\000\040\000d\000i\000s\000e\000\361\000o}{}% 29
\BOOKMARK [1][-]{section.4.1}{\376\377\000A\000n\000\341\000l\000i\000s\000i\000s\000\040\000d\000e\000\040\000l\000a\000s\000\040\000n\000e\000c\000e\000s\000i\000d\000a\000d\000e\000s}{chapter.4}% 30
\BOOKMARK [2][-]{subsection.4.1.1}{\376\377\000C\000a\000t\000\341\000l\000o\000g\000o\000\040\000d\000e\000\040\000s\000e\000r\000v\000i\000c\000i\000o\000s}{section.4.1}% 31
\BOOKMARK [2][-]{subsection.4.1.2}{\376\377\000C\000o\000n\000t\000r\000a\000t\000a\000c\000i\000\363\000n}{section.4.1}% 32
\BOOKMARK [2][-]{subsection.4.1.3}{\376\377\000E\000l\000e\000m\000e\000n\000t\000o\000s\000\040\000d\000e\000\040\000p\000a\000r\000a\000m\000e\000t\000r\000i\000z\000a\000c\000i\000\363\000n}{section.4.1}% 33
\BOOKMARK [1][-]{section.4.2}{Casos\040de\040uso}{chapter.4}% 34
\BOOKMARK [2][-]{subsection.4.2.1}{Actores}{section.4.2}% 35
\BOOKMARK [2][-]{subsection.4.2.2}{Casos\040de\040uso}{section.4.2}% 36
\BOOKMARK [1][-]{section.4.3}{\376\377\000D\000i\000s\000e\000\361\000o}{chapter.4}% 37
\BOOKMARK [2][-]{subsection.4.3.1}{Arquitectura\040en\040tres\040niveles}{section.4.3}% 38
\BOOKMARK [2][-]{subsection.4.3.2}{Patrones\040utilizados}{section.4.3}% 39
\BOOKMARK [0][-]{chapter.5}{\376\377\000I\000m\000p\000l\000e\000m\000e\000n\000t\000a\000c\000i\000\363\000n}{}% 40
\BOOKMARK [1][-]{section.5.1}{Hardware\040Utilizado}{chapter.5}% 41
\BOOKMARK [1][-]{section.5.2}{Software\040Utilizado}{chapter.5}% 42
\BOOKMARK [0][-]{chapter.6}{Pruebas\040de\040software}{}% 43
\BOOKMARK [0][-]{chapter.7}{\376\377\000P\000l\000a\000n\000i\000f\000i\000c\000a\000c\000i\000\363\000n\000\040\000t\000e\000m\000p\000o\000r\000a\000l\000\040\000y\000\040\000e\000s\000t\000i\000m\000a\000c\000i\000\363\000n\000\040\000d\000e\000\040\000c\000o\000s\000t\000e\000s}{}% 44
\BOOKMARK [1][-]{section.7.1}{Fases\040del\040proyecto}{chapter.7}% 45
\BOOKMARK [1][-]{section.7.2}{Costes\040estimados}{chapter.7}% 46
\BOOKMARK [0][-]{chapter.8}{\376\377\000C\000o\000n\000c\000l\000u\000s\000i\000\363\000n\000s}{}% 47
\BOOKMARK [1][-]{section.8.1}{\376\377\000L\000\355\000n\000e\000a\000s\000\040\000f\000u\000t\000u\000r\000a\000s}{chapter.8}% 48
\BOOKMARK [0][-]{appendix.A}{\376\377\000C\000o\000M\000a\000S\000w\000.\000\040\000M\000a\000n\000u\000a\000l\000\040\000d\000e\000\040\000l\000a\000\040\000A\000p\000l\000i\000c\000a\000c\000i\000\363\000n}{}% 49
\BOOKMARK [1][-]{section.A.1}{Manual\040del\040administrador}{appendix.A}% 50
\BOOKMARK [2][-]{subsection.A.1.1}{\376\377\000I\000n\000s\000t\000a\000l\000a\000c\000i\000\363\000n}{section.A.1}% 51
\BOOKMARK [2][-]{subsection.A.1.2}{Acceso}{section.A.1}% 52
\BOOKMARK [2][-]{subsection.A.1.3}{\376\377\000G\000e\000s\000t\000i\000\363\000n\000\040\000d\000e\000\040\000u\000s\000u\000a\000r\000i\000o\000s}{section.A.1}% 53
\BOOKMARK [1][-]{section.A.2}{Manual\040de\040usuario}{appendix.A}% 54
\BOOKMARK [2][-]{subsection.A.2.1}{\376\377\000I\000n\000t\000r\000o\000d\000u\000c\000c\000i\000\363\000n}{section.A.2}% 55
\BOOKMARK [2][-]{subsection.A.2.2}{Acceso}{section.A.2}% 56
\BOOKMARK [2][-]{subsection.A.2.3}{\376\377\000C\000a\000m\000b\000i\000o\000\040\000d\000e\000\040\000c\000o\000n\000t\000r\000a\000s\000e\000\361\000a\000\040\000y\000/\000o\000\040\000d\000a\000t\000o\000s\000\040\000d\000e\000\040\000c\000o\000n\000t\000a\000c\000t\000o\000\040\000d\000e\000\040\000u\000n\000\040\000u\000s\000u\000a\000r\000i\000o}{section.A.2}% 57
\BOOKMARK [2][-]{subsection.A.2.4}{\376\377\000A\000c\000c\000e\000d\000e\000r\000\040\000a\000l\000\040\000m\000e\000n\000\372\000\040\000d\000e\000\040\000l\000a\000\040\000a\000p\000l\000i\000c\000a\000c\000i\000\363\000n}{section.A.2}% 58
\BOOKMARK [2][-]{subsection.A.2.5}{\376\377\000P\000a\000r\000a\000m\000e\000t\000r\000i\000z\000a\000c\000i\000\363\000n}{section.A.2}% 59
\BOOKMARK [2][-]{subsection.A.2.6}{\376\377\000C\000a\000t\000\341\000l\000o\000g\000o}{section.A.2}% 60
\BOOKMARK [2][-]{subsection.A.2.7}{\376\377\000C\000o\000n\000t\000r\000a\000t\000a\000c\000i\000\363\000n}{section.A.2}% 61
\BOOKMARK [0][-]{appendix.B}{\376\377\000R\000e\000f\000e\000r\000e\000n\000c\000i\000a\000\040\000t\000\351\000c\000n\000i\000c\000a}{}% 62
\BOOKMARK [1][-]{section.B.1}{Casos\040de\040uso}{appendix.B}% 63
\BOOKMARK [2][-]{subsection.B.1.1}{Actores}{section.B.1}% 64
\BOOKMARK [2][-]{subsection.B.1.2}{Casos\040de\040uso}{section.B.1}% 65
\BOOKMARK [1][-]{section.B.2}{Diagrama\040E-R}{appendix.B}% 66
\BOOKMARK [1][-]{section.B.3}{\376\377\000E\000s\000t\000r\000u\000c\000t\000u\000r\000a\000\040\000d\000e\000l\000\040\000c\000\363\000d\000i\000g\000o}{appendix.B}% 67
\BOOKMARK [2][-]{subsection.B.3.1}{\376\377\000D\000i\000r\000e\000c\000t\000o\000r\000i\000o\000\040\000/\000s\000r\000c\000/\000m\000a\000i\000n\000/\000j\000a\000v\000a\000\040\000-\000\040\000C\000l\000a\000s\000e\000s\000\040\000d\000e\000\040\000l\000a\000\040\000a\000p\000l\000i\000c\000a\000c\000i\000\363\000n}{section.B.3}% 68
\BOOKMARK [2][-]{subsection.B.3.2}{Directorio\040/src/main/webapp}{section.B.3}% 69
\BOOKMARK [2][-]{subsection.B.3.3}{Directorio\040/src/main/resources\040-\040Recursos\040de\040la\040aplicacion}{section.B.3}% 70
\BOOKMARK [2][-]{subsection.B.3.4}{Directorio\040/target/generated-sources/jooq\040-\040Clases\040generadas}{section.B.3}% 71
